<?xml version="1.0" encoding="UTF-8"?>
<testng-results ignored="0" total="1" passed="1" failed="0" skipped="0">
  <reporter-output>
  </reporter-output>
  <suite started-at="2023-08-05T23:50:20 EDT" name="Default suite" finished-at="2023-08-05T23:50:23 EDT" duration-ms="3273">
    <groups>
    </groups>
    <test started-at="2023-08-05T23:50:20 EDT" name="Default test" finished-at="2023-08-05T23:50:23 EDT" duration-ms="3273">
      <class name="getuser.Endpoints$Tests">
        <test-method signature="testgetuser()[pri:0, instance:getuser.Endpoints$Tests@5c33f1a9]" started-at="2023-08-05T23:50:20 EDT" name="testgetuser" finished-at="2023-08-05T23:50:23 EDT" duration-ms="3182" status="PASS">
          <reporter-output>
          </reporter-output>
        </test-method> <!-- testgetuser -->
      </class> <!-- getuser.Endpoints$Tests -->
    </test> <!-- Default test -->
  </suite> <!-- Default suite -->
</testng-results>
